
state 0
	$accept: .doc $end 
	Content: .    (2)

	.  reduce 2 (src line 70)

	doc  goto 1
	Content  goto 2

state 1
	$accept:  doc.$end 

	$end  accept
	.  error


state 2
	doc:  Content.    (1)
	Content:  Content.Comment 
	Content:  Content.Return 
	Content:  Content.Load 
	Content:  Content.Module 
	Content:  Content.Def 

	ident  shift 12
	returnKeyword  shift 10
	commentInline  shift 8
	def  shift 13
	load  shift 11
	commentMultiline  shift 9
	.  reduce 1 (src line 68)

	Comment  goto 3
	Return  goto 4
	Load  goto 5
	Module  goto 6
	Def  goto 7

state 3
	Content:  Content Comment.    (3)

	.  reduce 3 (src line 72)


state 4
	Content:  Content Return.    (4)

	.  reduce 4 (src line 74)


state 5
	Content:  Content Load.    (5)

	.  reduce 5 (src line 76)


state 6
	Content:  Content Module.    (6)

	.  reduce 6 (src line 78)


state 7
	Content:  Content Def.    (7)

	.  reduce 7 (src line 80)


state 8
	Comment:  commentInline.    (17)

	.  reduce 17 (src line 134)


state 9
	Comment:  commentMultiline.    (18)

	.  reduce 18 (src line 137)


state 10
	Return:  returnKeyword.    (19)

	.  reduce 19 (src line 145)


state 11
	Load:  load.'(' LoadFields ')' 

	'('  shift 14
	.  error


state 12
	Module:  ident.'=' module '(' stringLiteral ',' ModuleFields ')' 
	Module:  ident.'=' module '(' stringLiteral ')' 

	'='  shift 15
	.  error


state 13
	Def:  def.ident '(' ')' ':' 
	Def:  def.ident '(' DefFields ')' ':' 

	ident  shift 16
	.  error


state 14
	Load:  load '('.LoadFields ')' 

	ident  shift 20
	stringLiteral  shift 19
	.  error

	LoadFields  goto 17
	LoadField  goto 18

state 15
	Module:  ident '='.module '(' stringLiteral ',' ModuleFields ')' 
	Module:  ident '='.module '(' stringLiteral ')' 

	module  shift 21
	.  error


state 16
	Def:  def ident.'(' ')' ':' 
	Def:  def ident.'(' DefFields ')' ':' 

	'('  shift 22
	.  error


state 17
	Load:  load '(' LoadFields.')' 
	LoadFields:  LoadFields.',' LoadField 
	LoadFields:  LoadFields.',' 

	')'  shift 23
	','  shift 24
	.  error


state 18
	LoadFields:  LoadField.    (21)

	.  reduce 21 (src line 159)


state 19
	LoadField:  stringLiteral.    (24)

	.  reduce 24 (src line 168)


state 20
	LoadField:  ident.'=' stringLiteral 

	'='  shift 25
	.  error


state 21
	Module:  ident '=' module.'(' stringLiteral ',' ModuleFields ')' 
	Module:  ident '=' module.'(' stringLiteral ')' 

	'('  shift 26
	.  error


state 22
	Def:  def ident '('.')' ':' 
	Def:  def ident '('.DefFields ')' ':' 

	ident  shift 32
	'('  shift 42
	')'  shift 27
	'{'  shift 44
	'['  shift 43
	'*'  shift 31
	nullLiteral  shift 41
	stringLiteral  shift 37
	boolLiteral  shift 38
	integerLiteral  shift 39
	floatLiteral  shift 40
	.  error

	DefField  goto 29
	DefFields  goto 28
	CallFunc  goto 36
	Operand  goto 30
	Array  goto 34
	Literal  goto 33
	Struct  goto 35

state 23
	Load:  load '(' LoadFields ')'.    (20)

	.  reduce 20 (src line 154)


state 24
	LoadFields:  LoadFields ','.LoadField 
	LoadFields:  LoadFields ','.    (23)

	ident  shift 20
	stringLiteral  shift 19
	.  reduce 23 (src line 164)

	LoadField  goto 45

state 25
	LoadField:  ident '='.stringLiteral 

	stringLiteral  shift 46
	.  error


state 26
	Module:  ident '=' module '('.stringLiteral ',' ModuleFields ')' 
	Module:  ident '=' module '('.stringLiteral ')' 

	stringLiteral  shift 47
	.  error


state 27
	Def:  def ident '(' ')'.':' 

	':'  shift 48
	.  error


state 28
	Def:  def ident '(' DefFields.')' ':' 
	DefFields:  DefFields.',' DefField 
	DefFields:  DefFields.',' 

	')'  shift 49
	','  shift 50
	.  error


state 29
	DefFields:  DefField.    (10)

	.  reduce 10 (src line 95)


state 30
	DefField:  Operand.    (13)
	DefField:  Operand.'=' Operand 
	Operand:  Operand.'.' CallFunc 
	Operand:  Operand.'.' ident 

	'='  shift 51
	'.'  shift 52
	.  reduce 13 (src line 104)


state 31
	DefField:  '*'.Operand 
	DefField:  '*'.'*' Operand 

	ident  shift 32
	'('  shift 42
	'{'  shift 44
	'['  shift 43
	'*'  shift 54
	nullLiteral  shift 41
	stringLiteral  shift 37
	boolLiteral  shift 38
	integerLiteral  shift 39
	floatLiteral  shift 40
	.  error

	CallFunc  goto 36
	Operand  goto 53
	Array  goto 34
	Literal  goto 33
	Struct  goto 35

state 32
	CallFunc:  ident.'(' ')' 
	CallFunc:  ident.'(' CallFuncArgs ')' 
	CallFunc:  ident.'(' '*' '*' CallFunc ')' 
	CallFunc:  ident.'(' '*' '[' ArrayFields ']' ')' 
	Operand:  ident.    (59)

	'('  shift 55
	.  reduce 59 (src line 350)


state 33
	Operand:  Literal.    (60)

	.  reduce 60 (src line 355)


state 34
	Operand:  Array.    (61)

	.  reduce 61 (src line 360)


state 35
	Operand:  Struct.    (62)

	.  reduce 62 (src line 365)


state 36
	Operand:  CallFunc.    (63)

	.  reduce 63 (src line 370)


state 37
	Literal:  stringLiteral.    (40)

	.  reduce 40 (src line 257)


state 38
	Literal:  boolLiteral.    (41)

	.  reduce 41 (src line 259)


state 39
	Literal:  integerLiteral.    (42)

	.  reduce 42 (src line 261)


state 40
	Literal:  floatLiteral.    (43)

	.  reduce 43 (src line 263)


state 41
	Literal:  nullLiteral.    (44)

	.  reduce 44 (src line 265)


state 42
	Array:  '('.ArrayFields ')' 
	Array:  '('.')' 

	ident  shift 32
	'('  shift 42
	')'  shift 57
	'{'  shift 44
	'['  shift 43
	nullLiteral  shift 41
	stringLiteral  shift 37
	boolLiteral  shift 38
	integerLiteral  shift 39
	floatLiteral  shift 40
	.  error

	CallFunc  goto 36
	Operand  goto 58
	Array  goto 34
	ArrayFields  goto 56
	Literal  goto 33
	Struct  goto 35

state 43
	Array:  '['.ArrayFields ']' 
	Array:  '['.']' 

	ident  shift 32
	'('  shift 42
	'{'  shift 44
	'['  shift 43
	']'  shift 60
	nullLiteral  shift 41
	stringLiteral  shift 37
	boolLiteral  shift 38
	integerLiteral  shift 39
	floatLiteral  shift 40
	.  error

	CallFunc  goto 36
	Operand  goto 58
	Array  goto 34
	ArrayFields  goto 59
	Literal  goto 33
	Struct  goto 35

state 44
	Struct:  '{'.'}' 
	Struct:  '{'.StructFields '}' 

	'}'  shift 61
	stringLiteral  shift 64
	.  error

	StructFields  goto 62
	StructField  goto 63

state 45
	LoadFields:  LoadFields ',' LoadField.    (22)

	.  reduce 22 (src line 162)


state 46
	LoadField:  ident '=' stringLiteral.    (25)

	.  reduce 25 (src line 171)


state 47
	Module:  ident '=' module '(' stringLiteral.',' ModuleFields ')' 
	Module:  ident '=' module '(' stringLiteral.')' 

	')'  shift 66
	','  shift 65
	.  error


state 48
	Def:  def ident '(' ')' ':'.    (8)

	.  reduce 8 (src line 88)


state 49
	Def:  def ident '(' DefFields ')'.':' 

	':'  shift 67
	.  error


state 50
	DefFields:  DefFields ','.DefField 
	DefFields:  DefFields ','.    (12)

	ident  shift 32
	'('  shift 42
	'{'  shift 44
	'['  shift 43
	'*'  shift 31
	nullLiteral  shift 41
	stringLiteral  shift 37
	boolLiteral  shift 38
	integerLiteral  shift 39
	floatLiteral  shift 40
	.  reduce 12 (src line 100)

	DefField  goto 68
	CallFunc  goto 36
	Operand  goto 30
	Array  goto 34
	Literal  goto 33
	Struct  goto 35

state 51
	DefField:  Operand '='.Operand 

	ident  shift 32
	'('  shift 42
	'{'  shift 44
	'['  shift 43
	nullLiteral  shift 41
	stringLiteral  shift 37
	boolLiteral  shift 38
	integerLiteral  shift 39
	floatLiteral  shift 40
	.  error

	CallFunc  goto 36
	Operand  goto 69
	Array  goto 34
	Literal  goto 33
	Struct  goto 35

state 52
	Operand:  Operand '.'.CallFunc 
	Operand:  Operand '.'.ident 

	ident  shift 71
	.  error

	CallFunc  goto 70

state 53
	DefField:  '*' Operand.    (14)
	Operand:  Operand.'.' CallFunc 
	Operand:  Operand.'.' ident 

	'.'  shift 52
	.  reduce 14 (src line 109)


state 54
	DefField:  '*' '*'.Operand 

	ident  shift 32
	'('  shift 42
	'{'  shift 44
	'['  shift 43
	nullLiteral  shift 41
	stringLiteral  shift 37
	boolLiteral  shift 38
	integerLiteral  shift 39
	floatLiteral  shift 40
	.  error

	CallFunc  goto 36
	Operand  goto 72
	Array  goto 34
	Literal  goto 33
	Struct  goto 35

state 55
	CallFunc:  ident '('.')' 
	CallFunc:  ident '('.CallFuncArgs ')' 
	CallFunc:  ident '('.'*' '*' CallFunc ')' 
	CallFunc:  ident '('.'*' '[' ArrayFields ']' ')' 

	ident  shift 32
	'('  shift 42
	')'  shift 73
	'{'  shift 44
	'['  shift 43
	'*'  shift 75
	nullLiteral  shift 41
	stringLiteral  shift 37
	boolLiteral  shift 38
	integerLiteral  shift 39
	floatLiteral  shift 40
	.  error

	CallFunc  goto 36
	Operand  goto 78
	Assign  goto 77
	Array  goto 34
	CallFuncArgs  goto 74
	Literal  goto 33
	CallFuncArg  goto 76
	Struct  goto 35

state 56
	Array:  '(' ArrayFields.')' 
	ArrayFields:  ArrayFields.',' Operand 
	ArrayFields:  ArrayFields.',' 

	')'  shift 79
	','  shift 80
	.  error


state 57
	Array:  '(' ')'.    (47)

	.  reduce 47 (src line 276)


state 58
	ArrayFields:  Operand.    (49)
	Operand:  Operand.'.' CallFunc 
	Operand:  Operand.'.' ident 

	'.'  shift 52
	.  reduce 49 (src line 282)


state 59
	Array:  '[' ArrayFields.']' 
	ArrayFields:  ArrayFields.',' Operand 
	ArrayFields:  ArrayFields.',' 

	','  shift 80
	']'  shift 81
	.  error


state 60
	Array:  '[' ']'.    (48)

	.  reduce 48 (src line 278)


state 61
	Struct:  '{' '}'.    (52)

	.  reduce 52 (src line 291)


state 62
	Struct:  '{' StructFields.'}' 
	StructFields:  StructFields.',' StructField 
	StructFields:  StructFields.',' 

	','  shift 83
	'}'  shift 82
	.  error


state 63
	StructFields:  StructField.    (54)

	.  reduce 54 (src line 315)


state 64
	StructField:  stringLiteral.':' Operand 

	':'  shift 84
	.  error


state 65
	Module:  ident '=' module '(' stringLiteral ','.ModuleFields ')' 

	ident  shift 32
	'('  shift 42
	'{'  shift 44
	'['  shift 43
	nullLiteral  shift 41
	stringLiteral  shift 37
	boolLiteral  shift 38
	integerLiteral  shift 39
	floatLiteral  shift 40
	.  error

	CallFunc  goto 36
	Operand  goto 87
	Assign  goto 86
	Array  goto 34
	ModuleFields  goto 85
	Literal  goto 33
	Struct  goto 35

state 66
	Module:  ident '=' module '(' stringLiteral ')'.    (27)

	.  reduce 27 (src line 187)


state 67
	Def:  def ident '(' DefFields ')' ':'.    (9)

	.  reduce 9 (src line 91)


state 68
	DefFields:  DefFields ',' DefField.    (11)

	.  reduce 11 (src line 98)


state 69
	DefField:  Operand '=' Operand.    (16)
	Operand:  Operand.'.' CallFunc 
	Operand:  Operand.'.' ident 

	'.'  shift 52
	.  reduce 16 (src line 121)


state 70
	Operand:  Operand '.' CallFunc.    (64)

	.  reduce 64 (src line 380)


state 71
	CallFunc:  ident.'(' ')' 
	CallFunc:  ident.'(' CallFuncArgs ')' 
	CallFunc:  ident.'(' '*' '*' CallFunc ')' 
	CallFunc:  ident.'(' '*' '[' ArrayFields ']' ')' 
	Operand:  Operand '.' ident.    (65)

	'('  shift 55
	.  reduce 65 (src line 386)


state 72
	DefField:  '*' '*' Operand.    (15)
	Operand:  Operand.'.' CallFunc 
	Operand:  Operand.'.' ident 

	'.'  shift 52
	.  reduce 15 (src line 115)


state 73
	CallFunc:  ident '(' ')'.    (31)

	.  reduce 31 (src line 203)


state 74
	CallFunc:  ident '(' CallFuncArgs.')' 
	CallFuncArgs:  CallFuncArgs.',' CallFuncArg 
	CallFuncArgs:  CallFuncArgs.',' 

	')'  shift 88
	','  shift 89
	.  error


state 75
	CallFunc:  ident '(' '*'.'*' CallFunc ')' 
	CallFunc:  ident '(' '*'.'[' ArrayFields ']' ')' 

	'['  shift 91
	'*'  shift 90
	.  error


state 76
	CallFuncArgs:  CallFuncArg.    (36)

	.  reduce 36 (src line 234)


state 77
	CallFuncArg:  Assign.    (38)

	.  reduce 38 (src line 240)


state 78
	CallFuncArg:  Operand.    (39)
	Assign:  Operand.'=' Operand 
	Operand:  Operand.'.' CallFunc 
	Operand:  Operand.'.' ident 

	'='  shift 92
	'.'  shift 52
	.  reduce 39 (src line 243)


state 79
	Array:  '(' ArrayFields ')'.    (45)

	.  reduce 45 (src line 269)


state 80
	ArrayFields:  ArrayFields ','.Operand 
	ArrayFields:  ArrayFields ','.    (51)

	ident  shift 32
	'('  shift 42
	'{'  shift 44
	'['  shift 43
	nullLiteral  shift 41
	stringLiteral  shift 37
	boolLiteral  shift 38
	integerLiteral  shift 39
	floatLiteral  shift 40
	.  reduce 51 (src line 287)

	CallFunc  goto 36
	Operand  goto 93
	Array  goto 34
	Literal  goto 33
	Struct  goto 35

state 81
	Array:  '[' ArrayFields ']'.    (46)

	.  reduce 46 (src line 273)


state 82
	Struct:  '{' StructFields '}'.    (53)

	.  reduce 53 (src line 293)


state 83
	StructFields:  StructFields ','.StructField 
	StructFields:  StructFields ','.    (56)

	stringLiteral  shift 64
	.  reduce 56 (src line 320)

	StructField  goto 94

state 84
	StructField:  stringLiteral ':'.Operand 

	ident  shift 32
	'('  shift 42
	'{'  shift 44
	'['  shift 43
	nullLiteral  shift 41
	stringLiteral  shift 37
	boolLiteral  shift 38
	integerLiteral  shift 39
	floatLiteral  shift 40
	.  error

	CallFunc  goto 36
	Operand  goto 95
	Array  goto 34
	Literal  goto 33
	Struct  goto 35

state 85
	Module:  ident '=' module '(' stringLiteral ',' ModuleFields.')' 
	ModuleFields:  ModuleFields.',' Assign 
	ModuleFields:  ModuleFields.',' 

	')'  shift 96
	','  shift 97
	.  error


state 86
	ModuleFields:  Assign.    (29)

	.  reduce 29 (src line 197)


state 87
	Assign:  Operand.'=' Operand 
	Operand:  Operand.'.' CallFunc 
	Operand:  Operand.'.' ident 

	'='  shift 92
	'.'  shift 52
	.  error


state 88
	CallFunc:  ident '(' CallFuncArgs ')'.    (32)

	.  reduce 32 (src line 208)


state 89
	CallFuncArgs:  CallFuncArgs ','.CallFuncArg 
	CallFuncArgs:  CallFuncArgs ','.    (37)

	ident  shift 32
	'('  shift 42
	'{'  shift 44
	'['  shift 43
	nullLiteral  shift 41
	stringLiteral  shift 37
	boolLiteral  shift 38
	integerLiteral  shift 39
	floatLiteral  shift 40
	.  reduce 37 (src line 236)

	CallFunc  goto 36
	Operand  goto 78
	Assign  goto 77
	Array  goto 34
	Literal  goto 33
	CallFuncArg  goto 98
	Struct  goto 35

state 90
	CallFunc:  ident '(' '*' '*'.CallFunc ')' 

	ident  shift 100
	.  error

	CallFunc  goto 99

state 91
	CallFunc:  ident '(' '*' '['.ArrayFields ']' ')' 

	ident  shift 32
	'('  shift 42
	'{'  shift 44
	'['  shift 43
	nullLiteral  shift 41
	stringLiteral  shift 37
	boolLiteral  shift 38
	integerLiteral  shift 39
	floatLiteral  shift 40
	.  error

	CallFunc  goto 36
	Operand  goto 58
	Array  goto 34
	ArrayFields  goto 101
	Literal  goto 33
	Struct  goto 35

state 92
	Assign:  Operand '='.Operand 

	ident  shift 32
	'('  shift 42
	'{'  shift 44
	'['  shift 43
	nullLiteral  shift 41
	stringLiteral  shift 37
	boolLiteral  shift 38
	integerLiteral  shift 39
	floatLiteral  shift 40
	.  error

	CallFunc  goto 36
	Operand  goto 102
	Array  goto 34
	Literal  goto 33
	Struct  goto 35

state 93
	ArrayFields:  ArrayFields ',' Operand.    (50)
	Operand:  Operand.'.' CallFunc 
	Operand:  Operand.'.' ident 

	'.'  shift 52
	.  reduce 50 (src line 284)


state 94
	StructFields:  StructFields ',' StructField.    (55)

	.  reduce 55 (src line 317)


state 95
	StructField:  stringLiteral ':' Operand.    (57)
	Operand:  Operand.'.' CallFunc 
	Operand:  Operand.'.' ident 

	'.'  shift 52
	.  reduce 57 (src line 324)


state 96
	Module:  ident '=' module '(' stringLiteral ',' ModuleFields ')'.    (26)

	.  reduce 26 (src line 180)


state 97
	ModuleFields:  ModuleFields ','.Assign 
	ModuleFields:  ModuleFields ','.    (30)

	ident  shift 32
	'('  shift 42
	'{'  shift 44
	'['  shift 43
	nullLiteral  shift 41
	stringLiteral  shift 37
	boolLiteral  shift 38
	integerLiteral  shift 39
	floatLiteral  shift 40
	.  reduce 30 (src line 199)

	CallFunc  goto 36
	Operand  goto 87
	Assign  goto 103
	Array  goto 34
	Literal  goto 33
	Struct  goto 35

state 98
	CallFuncArgs:  CallFuncArgs ',' CallFuncArg.    (35)

	.  reduce 35 (src line 231)


state 99
	CallFunc:  ident '(' '*' '*' CallFunc.')' 

	')'  shift 104
	.  error


state 100
	CallFunc:  ident.'(' ')' 
	CallFunc:  ident.'(' CallFuncArgs ')' 
	CallFunc:  ident.'(' '*' '*' CallFunc ')' 
	CallFunc:  ident.'(' '*' '[' ArrayFields ']' ')' 

	'('  shift 55
	.  error


state 101
	CallFunc:  ident '(' '*' '[' ArrayFields.']' ')' 
	ArrayFields:  ArrayFields.',' Operand 
	ArrayFields:  ArrayFields.',' 

	','  shift 80
	']'  shift 105
	.  error


state 102
	Assign:  Operand '=' Operand.    (58)
	Operand:  Operand.'.' CallFunc 
	Operand:  Operand.'.' ident 

	'.'  shift 52
	.  reduce 58 (src line 346)


state 103
	ModuleFields:  ModuleFields ',' Assign.    (28)

	.  reduce 28 (src line 194)


state 104
	CallFunc:  ident '(' '*' '*' CallFunc ')'.    (33)

	.  reduce 33 (src line 214)


state 105
	CallFunc:  ident '(' '*' '[' ArrayFields ']'.')' 

	')'  shift 106
	.  error


state 106
	CallFunc:  ident '(' '*' '[' ArrayFields ']' ')'.    (34)

	.  reduce 34 (src line 223)


33 terminals, 24 nonterminals
66 grammar rules, 107/16000 states
0 shift/reduce, 0 reduce/reduce conflicts reported
73 working sets used
memory: parser 151/240000
37 extra closures
208 shift entries, 1 exceptions
45 goto entries
59 entries saved by goto default
Optimizer space used: output 233/240000
233 table entries, 64 zero
maximum spread: 32, maximum offset: 97
